# JRE version: OpenJDK Runtime Environment (19.0.2+7) (build 19.0.2+7-44)
# Java VM: OpenJDK 64-Bit Server VM (19.0.2+7-44, mixed mode, sharing, tiered, compressed oops, compressed class ptrs, g1 gc, windows-amd64)
GC Precious Log:
 CardTable entry size: 512
 Card Set container configuration: InlinePtr #cards 4 size 8 Array Of Cards #cards 32 size 80 Howl #buckets 8 coarsen threshold 7372 Howl Bitmap #cards 1024 size 144 coarsen threshold 921 Card regions per heap region 1 cards per card region 8192
 CPUs: 12 total, 12 available
 Memory: 19790M
 Large Page Support: Disabled
 NUMA Support: Disabled
 Compressed Oops: Enabled (Zero based)
 Heap Region Size: 4M
 Heap Min Capacity: 8M
 Heap Initial Capacity: 312M
 Heap Max Capacity: 4948M
 Pre-touch: Disabled
 Parallel Workers: 10
 Concurrent Workers: 3
 Concurrent Refinement Workers: 10
 Periodic GC: Disabled
Heap:
 garbage-first heap   total 196608K, used 41218K [0x00000006cac00000, 0x0000000800000000)
  region size 4096K, 3 young (12288K), 1 survivors (4096K)
 Metaspace       used 79278K, committed 80000K, reserved 1179648K
  class space    used 10294K, committed 10624K, reserved 1048576K
GC Heap History (20 events):
Event: 4205.922 GC heap before
{Heap before GC invocations=24 (full 0):
 garbage-first heap   total 196608K, used 140627K [0x00000006cac00000, 0x0000000800000000)
  region size 4096K, 28 young (114688K), 3 survivors (12288K)
 Metaspace       used 79087K, committed 79808K, reserved 1179648K
  class space    used 10288K, committed 10624K, reserved 1048576K
}
Event: 4205.929 GC heap after
{Heap after GC invocations=25 (full 0):
 garbage-first heap   total 196608K, used 38129K [0x00000006cac00000, 0x0000000800000000)
  region size 4096K, 1 young (4096K), 1 survivors (4096K)
 Metaspace       used 79087K, committed 79808K, reserved 1179648K
  class space    used 10288K, committed 10624K, reserved 1048576K
}
Event: 4876.512 GC heap before
{Heap before GC invocations=25 (full 0):
 garbage-first heap   total 196608K, used 148721K [0x00000006cac00000, 0x0000000800000000)
  region size 4096K, 28 young (114688K), 1 survivors (4096K)
 Metaspace       used 79121K, committed 79872K, reserved 1179648K
  class space    used 10288K, committed 10624K, reserved 1048576K
}
Event: 4876.515 GC heap after
{Heap after GC invocations=26 (full 0):
 garbage-first heap   total 196608K, used 37366K [0x00000006cac00000, 0x0000000800000000)
  region size 4096K, 1 young (4096K), 1 survivors (4096K)
 Metaspace       used 79121K, committed 79872K, reserved 1179648K
  class space    used 10288K, committed 10624K, reserved 1048576K
}
Event: 5532.015 GC heap before
{Heap before GC invocations=26 (full 0):
 garbage-first heap   total 196608K, used 147958K [0x00000006cac00000, 0x0000000800000000)
  region size 4096K, 28 young (114688K), 1 survivors (4096K)
 Metaspace       used 79153K, committed 79872K, reserved 1179648K
  class space    used 10288K, committed 10624K, reserved 1048576K
}
Event: 5532.017 GC heap after
{Heap after GC invocations=27 (full 0):
 garbage-first heap   total 196608K, used 37546K [0x00000006cac00000, 0x0000000800000000)
  region size 4096K, 1 young (4096K), 1 survivors (4096K)
 Metaspace       used 79153K, committed 79872K, reserved 1179648K
  class space    used 10288K, committed 10624K, reserved 1048576K
}
Event: 6213.093 GC heap before
{Heap before GC invocations=27 (full 0):
 garbage-first heap   total 196608K, used 148138K [0x00000006cac00000, 0x0000000800000000)
  region size 4096K, 28 young (114688K), 1 survivors (4096K)
 Metaspace       used 79154K, committed 79872K, reserved 1179648K
  class space    used 10288K, committed 10624K, reserved 1048576K
}
Event: 6213.096 GC heap after
{Heap after GC invocations=28 (full 0):
 garbage-first heap   total 196608K, used 37116K [0x00000006cac00000, 0x0000000800000000)
  region size 4096K, 1 young (4096K), 1 survivors (4096K)
 Metaspace       used 79154K, committed 79872K, reserved 1179648K
  class space    used 10288K, committed 10624K, reserved 1048576K
}
Event: 6896.044 GC heap before
{Heap before GC invocations=28 (full 0):
 garbage-first heap   total 196608K, used 147708K [0x00000006cac00000, 0x0000000800000000)
  region size 4096K, 28 young (114688K), 1 survivors (4096K)
 Metaspace       used 79158K, committed 79872K, reserved 1179648K
  class space    used 10288K, committed 10624K, reserved 1048576K
}
Event: 6896.047 GC heap after
{Heap after GC invocations=29 (full 0):
 garbage-first heap   total 196608K, used 37058K [0x00000006cac00000, 0x0000000800000000)
  region size 4096K, 1 young (4096K), 1 survivors (4096K)
 Metaspace       used 79158K, committed 79872K, reserved 1179648K
  class space    used 10288K, committed 10624K, reserved 1048576K
}
Event: 7530.225 GC heap before
{Heap before GC invocations=29 (full 0):
 garbage-first heap   total 196608K, used 147650K [0x00000006cac00000, 0x0000000800000000)
  region size 4096K, 28 young (114688K), 1 survivors (4096K)
 Metaspace       used 79190K, committed 79872K, reserved 1179648K
  class space    used 10288K, committed 10624K, reserved 1048576K
}
Event: 7530.228 GC heap after
{Heap after GC invocations=30 (full 0):
 garbage-first heap   total 196608K, used 37449K [0x00000006cac00000, 0x0000000800000000)
  region size 4096K, 1 young (4096K), 1 survivors (4096K)
 Metaspace       used 79190K, committed 79872K, reserved 1179648K
  class space    used 10288K, committed 10624K, reserved 1048576K
}
Event: 8212.658 GC heap before
{Heap before GC invocations=30 (full 0):
 garbage-first heap   total 196608K, used 148041K [0x00000006cac00000, 0x0000000800000000)
  region size 4096K, 28 young (114688K), 1 survivors (4096K)
 Metaspace       used 79202K, committed 79872K, reserved 1179648K
  class space    used 10288K, committed 10624K, reserved 1048576K
}
Event: 8212.661 GC heap after
{Heap after GC invocations=31 (full 0):
 garbage-first heap   total 196608K, used 37069K [0x00000006cac00000, 0x0000000800000000)
  region size 4096K, 1 young (4096K), 1 survivors (4096K)
 Metaspace       used 79202K, committed 79872K, reserved 1179648K
  class space    used 10288K, committed 10624K, reserved 1048576K
}
Event: 8879.165 GC heap before
{Heap before GC invocations=31 (full 0):
 garbage-first heap   total 196608K, used 147661K [0x00000006cac00000, 0x0000000800000000)
  region size 4096K, 28 young (114688K), 1 survivors (4096K)
 Metaspace       used 79233K, committed 80000K, reserved 1179648K
  class space    used 10288K, committed 10624K, reserved 1048576K
}
Event: 8879.169 GC heap after
{Heap after GC invocations=32 (full 0):
 garbage-first heap   total 196608K, used 37224K [0x00000006cac00000, 0x0000000800000000)
  region size 4096K, 1 young (4096K), 1 survivors (4096K)
 Metaspace       used 79233K, committed 80000K, reserved 1179648K
  class space    used 10288K, committed 10624K, reserved 1048576K
}
Event: 9529.660 GC heap before
{Heap before GC invocations=32 (full 0):
 garbage-first heap   total 196608K, used 147816K [0x00000006cac00000, 0x0000000800000000)
  region size 4096K, 28 young (114688K), 1 survivors (4096K)
 Metaspace       used 79257K, committed 80000K, reserved 1179648K
  class space    used 10288K, committed 10624K, reserved 1048576K
}
Event: 9529.663 GC heap after
{Heap after GC invocations=33 (full 0):
 garbage-first heap   total 196608K, used 37287K [0x00000006cac00000, 0x0000000800000000)
  region size 4096K, 1 young (4096K), 1 survivors (4096K)
 Metaspace       used 79257K, committed 80000K, reserved 1179648K
  class space    used 10288K, committed 10624K, reserved 1048576K
}
Event: 10216.780 GC heap before
{Heap before GC invocations=33 (full 0):
 garbage-first heap   total 196608K, used 147879K [0x00000006cac00000, 0x0000000800000000)
  region size 4096K, 28 young (114688K), 1 survivors (4096K)
 Metaspace       used 79257K, committed 80000K, reserved 1179648K
  class space    used 10288K, committed 10624K, reserved 1048576K
}
Event: 10216.798 GC heap after
{Heap after GC invocations=34 (full 0):
 garbage-first heap   total 196608K, used 37122K [0x00000006cac00000, 0x0000000800000000)
  region size 4096K, 1 young (4096K), 1 survivors (4096K)
 Metaspace       used 79257K, committed 80000K, reserved 1179648K
  class space    used 10288K, committed 10624K, reserved 1048576K
}

