<?xml version="1.0" encoding="UTF-8"?>
<testsuite xmlns:xsi="http://www.w3.org/2001/XMLSchema-instance" xsi:noNamespaceSchemaLocation="https://maven.apache.org/surefire/maven-surefire-plugin/xsd/surefire-test-report-3.0.xsd" version="3.0" name="SpringBootRestctrlPagos.SpringBootRestctrlPagosApplicationTests" time="12.817" tests="1" errors="0" skipped="0" failures="0">
  <properties>
[...]
</properties>
  <testcase name="contextLoads" classname="SpringBootRestctrlPagos.SpringBootRestctrlPagosApplicationTests" time="0.705">
    <system-out><![CDATA[23:53:26.822 [main] INFO org.springframework.test.context.support.AnnotationConfigContextLoaderUtils -- Could not detect default configuration classes for test class [SpringBootRestctrlPagos.SpringBootRestctrlPagosApplicationTests]: SpringBootRestctrlPagosApplicationTests does not declare any static, non-private, non-final, nested classes annotated with @Configuration.
23:53:27.038 [main] INFO org.springframework.boot.test.context.SpringBootTestContextBootstrapper -- Found @SpringBootConfiguration SpringBootRestctrlPagos.SpringBootRestctrlPagosApplication for test class SpringBootRestctrlPagos.SpringBootRestctrlPagosApplicationTests
 ,---.               ,--.                ,-----.                 ,--.   ,------.                ,--.
'   .-' ,---. ,--.--.`--',--,--,  ,---.  |  |) /_  ,---. ,---. ,-'  '-. |  .--. ' ,---.  ,---.,-'  '-.
`.  `-.| .-. ||  .--',--.|      \| .-. | |  .-.  \| .-. | .-. |'-.  .-' |  '--'.'| .-. :(  .-''-.  .-'
.-'    | '-' '|  |   |  ||  ||  |' '-' ' |  '--' /' '-' ' '-' '  |  |   |  |\  \ \   --..-'  `) |  |
`-----'|  |-' `--'   `--'`--''--'.`-  /  `------'  `---' `---'   `--'   `--' '--' `----'`----'  `--'
2025-03-17T23:53:27.740-06:00  INFO 10316 --- [           main] .SpringBootRestctrlPagosApplicationTests : Starting SpringBootRestctrlPagosApplicationTests using Java 19.0.2 with PID 10316 (started by lipab in C:\Users\lipab\OneDrive\Desktop\Proyecto portafolio - v1\ctrl-ingresos-back-v1)
2025-03-17T23:53:27.742-06:00  INFO 10316 --- [           main] .SpringBootRestctrlPagosApplicationTests : No active profile set, falling back to 1 default profile: "default"
2025-03-17T23:53:29.260-06:00  INFO 10316 --- [           main] .s.d.r.c.RepositoryConfigurationDelegate : Bootstrapping Spring Data JPA repositories in DEFAULT mode.
2025-03-17T23:53:29.571-06:00  INFO 10316 --- [           main] .s.d.r.c.RepositoryConfigurationDelegate : Finished Spring Data repository scanning in 300 ms. Found 28 JPA repository interfaces.
2025-03-17T23:53:30.477-06:00  INFO 10316 --- [           main] o.hibernate.jpa.internal.util.LogHelper  : HHH000204: Processing PersistenceUnitInfo [name: default]
2025-03-17T23:53:30.603-06:00  INFO 10316 --- [           main] org.hibernate.Version                    : HHH000412: Hibernate ORM core version 6.2.2.Final
2025-03-17T23:53:30.606-06:00  INFO 10316 --- [           main] org.hibernate.cfg.Environment            : HHH000406: Using bytecode reflection optimizer
2025-03-17T23:53:30.961-06:00  INFO 10316 --- [           main] o.h.b.i.BytecodeProviderInitiator        : HHH000021: Bytecode provider name : bytebuddy
2025-03-17T23:53:31.227-06:00  INFO 10316 --- [           main] o.s.o.j.p.SpringPersistenceUnitInfo      : No LoadTimeWeaver setup: ignoring JPA class transformer
2025-03-17T23:53:31.261-06:00  INFO 10316 --- [           main] com.zaxxer.hikari.HikariDataSource       : HikariPool-1 - Starting...
2025-03-17T23:53:31.896-06:00  INFO 10316 --- [           main] com.zaxxer.hikari.pool.HikariPool        : HikariPool-1 - Added connection com.mysql.cj.jdbc.ConnectionImpl@763b0996
2025-03-17T23:53:31.899-06:00  INFO 10316 --- [           main] com.zaxxer.hikari.HikariDataSource       : HikariPool-1 - Start completed.
2025-03-17T23:53:31.986-06:00  INFO 10316 --- [           main] org.hibernate.orm.dialect                : HHH035001: Using dialect: org.hibernate.dialect.MySQLDialect, version: 8.0.33
2025-03-17T23:53:32.659-06:00  INFO 10316 --- [           main] o.h.b.i.BytecodeProviderInitiator        : HHH000021: Bytecode provider name : bytebuddy
2025-03-17T23:53:32.767-06:00  WARN 10316 --- [           main] org.hibernate.mapping.RootClass          : HHH000038: Composite-id class does not override equals(): SpringBootRestctrlPagos.models.entities.metales.MetalVentaId
2025-03-17T23:53:32.768-06:00  WARN 10316 --- [           main] org.hibernate.mapping.RootClass          : HHH000039: Composite-id class does not override hashCode(): SpringBootRestctrlPagos.models.entities.metales.MetalVentaId
2025-03-17T23:53:32.769-06:00  WARN 10316 --- [           main] org.hibernate.mapping.RootClass          : HHH000038: Composite-id class does not override equals(): SpringBootRestctrlPagos.models.entities.metales.MetalId
2025-03-17T23:53:32.769-06:00  WARN 10316 --- [           main] org.hibernate.mapping.RootClass          : HHH000039: Composite-id class does not override hashCode(): SpringBootRestctrlPagos.models.entities.metales.MetalId
2025-03-17T23:53:32.769-06:00  WARN 10316 --- [           main] org.hibernate.mapping.RootClass          : HHH000038: Composite-id class does not override equals(): SpringBootRestctrlPagos.models.entities.metales.DetalleCompraId
2025-03-17T23:53:32.769-06:00  WARN 10316 --- [           main] org.hibernate.mapping.RootClass          : HHH000039: Composite-id class does not override hashCode(): SpringBootRestctrlPagos.models.entities.metales.DetalleCompraId
2025-03-17T23:53:34.068-06:00  INFO 10316 --- [           main] o.h.e.t.j.p.i.JtaPlatformInitiator       : HHH000490: Using JtaPlatform implementation: [org.hibernate.engine.transaction.jta.platform.internal.NoJtaPlatform]
Hibernate: 
    alter table tbl_compras 
       modify column fecha_compra  datetime(6)
Hibernate: 
    alter table tbl_compras 
       modify column modificado_el  datetime(6)
Hibernate: 
    alter table tbl_cuentas 
       modify column saldo  float(53)
Hibernate: 
    alter table tbl_detalles_factura 
       modify column fecha_pago  datetime(6)
Hibernate: 
    alter table tbl_detalles_factura 
       modify column pago  float(53)
Hibernate: 
    alter table tbl_detalles_ingreso 
       modify column monto_porcentaje  float(53)
Hibernate: 
    alter table tbl_detalles_ingreso 
       modify column monto_porcentaje_rest  float(53)
Hibernate: 
    alter table tbl_detalles_prestamo 
       modify column fecha_pago  datetime(6)
Hibernate: 
    alter table tbl_detalles_prestamo 
       modify column monto_pago  float(53)
Hibernate: 
    alter table tbl_facturas 
       modify column fecha  datetime(6)
Hibernate: 
    alter table tbl_facturas 
       modify column fecha_pago_vto  datetime(6)
Hibernate: 
    alter table tbl_facturas 
       modify column saldo_restante  float(53)
Hibernate: 
    alter table tbl_facturas 
       modify column total_pagado  float(53)
Hibernate: 
    alter table tbl_ingresos 
       modify column fecha_deposito  datetime(6)
Hibernate: 
    alter table tbl_ingresos 
       modify column monto_ingreso  float(53)
Hibernate: 
    alter table tbl_ingresos 
       modify column t_moneda  enum ('DIGITAL','EFECTIVO')
Hibernate: 
    alter table tbl_inventario 
       modify column fecha_ini  datetime(6)
Hibernate: 
    alter table tbl_inventario 
       modify column fecha_ult_act  datetime(6)
Hibernate: 
    alter table tbl_metales_compra 
       modify column fecha_fin  datetime(6)
Hibernate: 
    alter table tbl_metales_compra 
       modify column fecha_ini  datetime(6)
Hibernate: 
    alter table tbl_metales_compra 
       modify column modificado_el  datetime(6)
Hibernate: 
    alter table tbl_metales_compra 
       modify column precio  float(53)
Hibernate: 
    alter table tbl_metales_venta 
       modify column modificado_el  datetime(6)
Hibernate: 
    alter table tbl_movimientos 
       modify column fecha  datetime(6)
Hibernate: 
    alter table tbl_movimientos 
       modify column monto  float(53)
Hibernate: 
    alter table tbl_pct_x_concepto 
       modify column monto_asig_real_dig  float(53)
Hibernate: 
    alter table tbl_pct_x_concepto 
       modify column monto_asig_real_efec  float(53)
Hibernate: 
    alter table tbl_pct_x_concepto 
       modify column monto_asig_rest  float(53)
Hibernate: 
    alter table tbl_prestamos 
       modify column fecha_creacion  datetime(6)
Hibernate: 
    alter table tbl_prestamos 
       modify column fecha_tot_pagado  datetime(6)
Hibernate: 
    alter table tbl_prestamos 
       modify column interes  float(53)
Hibernate: 
    alter table tbl_prestamos 
       modify column monto  float(53)
Hibernate: 
    alter table tbl_prestamos 
       modify column saldo_restante  float(53)
Hibernate: 
    alter table tbl_prestamos 
       modify column total_a_pagar  float(53)
Hibernate: 
    alter table tbl_prestamos 
       modify column total_pagado  float(53)
Hibernate: 
    alter table tbl_project_management 
       modify column fecha_creacion  datetime(6)
Hibernate: 
    alter table tbl_project_management 
       modify column fecha_ini_project  datetime(6)
Hibernate: 
    alter table tbl_project_management 
       modify column hora_estimada  time(6)
Hibernate: 
    alter table tbl_servicios 
       modify column fecha_fin_vto  datetime(6)
Hibernate: 
    alter table tbl_servicios 
       modify column fecha_ini_vto  datetime(6)
Hibernate: 
    alter table tbl_servicios 
       modify column periodo_pago  float(53)
Hibernate: 
    alter table tbl_servicios 
       modify column valor  float(53)
Hibernate: 
    alter table tbl_task_detail 
       modify column descripcion  TEXT
Hibernate: 
    alter table tbl_task_detail 
       modify column hora_estimada  time(6)
Hibernate: 
    alter table tbl_task_detail 
       modify column horas_utilizadas  time(6)
Hibernate: 
    alter table tbl_tasks 
       modify column hora_estimada  time(6)
Hibernate: 
    alter table tbl_tickets 
       modify column fecha_ticket  datetime(6)
Hibernate: 
    alter table tbl_tickets 
       modify column modificado_el  datetime(6)
Hibernate: 
    alter table tbl_transacciones 
       modify column cantidad  float(53)
Hibernate: 
    alter table tbl_transacciones 
       modify column fecha  datetime(6)
Hibernate: 
    alter table tbl_usuario 
       modify column role  enum ('ADMIN','METAL_APP','USER')
Hibernate: 
    alter table tbl_ventas 
       modify column fecha_venta  datetime(6)
Hibernate: 
    alter table tbl_ventas 
       modify column modificado_el  datetime(6)
Hibernate: 
    alter table tbl_wish_details 
       modify column fecha_detail  datetime(6)
Hibernate: 
    alter table tbl_wish_details 
       modify column link  TEXT
Hibernate: 
    alter table tbl_wish_details 
       modify column precio  float(53)
Hibernate: 
    alter table tbl_wish_list 
       modify column fecha_creacion  datetime(6)
Hibernate: 
    alter table tbl_wish_list 
       modify column fecha_fin  datetime(6)
Hibernate: 
    alter table tbl_wish_list 
       modify column meta  TEXT
2025-03-17T23:53:35.413-06:00  INFO 10316 --- [           main] j.LocalContainerEntityManagerFactoryBean : Initialized JPA EntityManagerFactory for persistence unit 'default'
2025-03-17T23:53:35.799-06:00  INFO 10316 --- [           main] o.s.d.j.r.query.QueryEnhancerFactory     : Hibernate is in classpath; If applicable, HQL parser will be used.
2025-03-17T23:53:37.649-06:00  WARN 10316 --- [           main] JpaBaseConfiguration$JpaWebConfiguration : spring.jpa.open-in-view is enabled by default. Therefore, database queries may be performed during view rendering. Explicitly configure spring.jpa.open-in-view to disable this warning
2025-03-17T23:53:38.319-06:00  INFO 10316 --- [           main] o.s.s.web.DefaultSecurityFilterChain     : Will secure any request with [org.springframework.security.web.session.DisableEncodeUrlFilter@5418225f, org.springframework.web.filter.CorsFilter@65bcc339, org.springframework.security.web.context.request.async.WebAsyncManagerIntegrationFilter@3369a71f, org.springframework.security.web.context.SecurityContextHolderFilter@46c33614, org.springframework.security.web.header.HeaderWriterFilter@26d63c94, org.springframework.security.web.authentication.logout.LogoutFilter@e74914d, SpringBootRestctrlPagos.jwt.JwtAuthenticationFilter@5066a895, org.springframework.security.web.savedrequest.RequestCacheAwareFilter@40fdcbd5, org.springframework.security.web.servletapi.SecurityContextHolderAwareRequestFilter@383e8d4f, org.springframework.security.web.authentication.AnonymousAuthenticationFilter@7adde112, org.springframework.security.web.session.SessionManagementFilter@3ee9eaa7, org.springframework.security.web.access.ExceptionTranslationFilter@1ee47336, org.springframework.security.web.access.intercept.AuthorizationFilter@3ca1a69b]
2025-03-17T23:53:38.654-06:00  INFO 10316 --- [           main] .SpringBootRestctrlPagosApplicationTests : Started SpringBootRestctrlPagosApplicationTests in 11.365 seconds (process running for 12.845)
]]></system-out>
  </testcase>
</testsuite>